<?xml version="1.0" encoding="UTF-8"?>
<!-- Generated by org.testng.reporters.JUnitReportReporter -->
<testsuite hostname="dk-PC" name="test.ProductCheckout" tests="1" failures="0" timestamp="19 Apr 2020 10:27:30 GMT" time="77.303" errors="0">
  <testcase name="searchTest" time="77.303" classname="test.ProductCheckout"/>
</testsuite> <!-- test.ProductCheckout -->
