<?xml version="1.0" encoding="UTF-8"?>
<!-- Generated by org.testng.reporters.JUnitReportReporter -->
<testsuite hostname="dk-PC" name="com.android.test.AndroidTest" tests="1" failures="0" timestamp="6 Apr 2020 11:59:02 GMT" time="70.724" errors="0">
  <testcase name="setupTest" time="70.724" classname="com.android.test.AndroidTest"/>
</testsuite>
