<?xml version="1.0" encoding="UTF-8"?>
<!-- Generated by org.testng.reporters.JUnitReportReporter -->
<testsuite hostname="dk-PC" name="com.amazon.test.ProductCheckout" tests="1" failures="0" timestamp="5 May 2020 11:54:45 GMT" time="86.233" errors="0">
  <testcase name="testProductCheckout" time="86.233" classname="com.amazon.test.ProductCheckout"/>
</testsuite> <!-- com.amazon.test.ProductCheckout -->
