<?xml version="1.0" encoding="UTF-8"?>
<!-- Generated by org.testng.reporters.JUnitReportReporter -->
<testsuite hostname="dk-PC" name="test.AndroidTest" tests="1" failures="0" timestamp="9 Apr 2020 08:06:27 GMT" time="0.108" errors="1">
  <testcase name="searchTest" time="0.108" classname="test.AndroidTest">
    <error type="org.openqa.selenium.InvalidSelectorException" message="Locator Strategy &#039;css selector&#039; is not supported for this session
For documentation on this error, please visit: http://seleniumhq.org/exceptions/invalid_selector_exception.html
Build info: version: &#039;3.14.0&#039;, revision: &#039;aacccce0&#039;, time: &#039;2018-08-02T20:19:58.91Z&#039;
System info: host: &#039;DK-PC&#039;, ip: &#039;192.168.1.101&#039;, os.name: &#039;Windows 7&#039;, os.arch: &#039;amd64&#039;, os.version: &#039;6.1&#039;, java.version: &#039;1.8.0_241&#039;
Driver info: org.openqa.selenium.remote.RemoteWebDriver
Capabilities {app: F:\Interviews\PlaceFinderAp..., appActivity: .mvvm.search.SearchActivity, appPackage: geekboy.placefinder, autoGrantPermissions: true, browserName: , databaseEnabled: false, desired: {app: F:\Interviews\PlaceFinderAp..., appActivity: .mvvm.search.SearchActivity, appPackage: geekboy.placefinder, autoGrantPermissions: true, browserName: , deviceName: A2QDU17111006740, noRest: true, platformName: android, platformVersion: 7.0, udid: A2QDU17111006740}, deviceManufacturer: HUAWEI, deviceModel: BLN-L22, deviceName: A2QDU17111006740, deviceScreenSize: 1080x1920, deviceUDID: A2QDU17111006740, javascriptEnabled: true, locationContextEnabled: false, networkConnectionEnabled: true, noRest: true, platform: LINUX, platformName: LINUX, platformVersion: 7.0, takesScreenshot: true, udid: A2QDU17111006740, warnings: {}, webStorageEnabled: false}
Session ID: 14e8a3de-d673-442e-a07b-e0d23b917687
*** Element info: {Using=id, value=geekboy.placefinder:id/etSearch}">
      <![CDATA[org.openqa.selenium.InvalidSelectorException: Locator Strategy 'css selector' is not supported for this session
For documentation on this error, please visit: http://seleniumhq.org/exceptions/invalid_selector_exception.html
Build info: version: '3.14.0', revision: 'aacccce0', time: '2018-08-02T20:19:58.91Z'
System info: host: 'DK-PC', ip: '192.168.1.101', os.name: 'Windows 7', os.arch: 'amd64', os.version: '6.1', java.version: '1.8.0_241'
Driver info: org.openqa.selenium.remote.RemoteWebDriver
Capabilities {app: F:\Interviews\PlaceFinderAp..., appActivity: .mvvm.search.SearchActivity, appPackage: geekboy.placefinder, autoGrantPermissions: true, browserName: , databaseEnabled: false, desired: {app: F:\Interviews\PlaceFinderAp..., appActivity: .mvvm.search.SearchActivity, appPackage: geekboy.placefinder, autoGrantPermissions: true, browserName: , deviceName: A2QDU17111006740, noRest: true, platformName: android, platformVersion: 7.0, udid: A2QDU17111006740}, deviceManufacturer: HUAWEI, deviceModel: BLN-L22, deviceName: A2QDU17111006740, deviceScreenSize: 1080x1920, deviceUDID: A2QDU17111006740, javascriptEnabled: true, locationContextEnabled: false, networkConnectionEnabled: true, noRest: true, platform: LINUX, platformName: LINUX, platformVersion: 7.0, takesScreenshot: true, udid: A2QDU17111006740, warnings: {}, webStorageEnabled: false}
Session ID: 14e8a3de-d673-442e-a07b-e0d23b917687
*** Element info: {Using=id, value=geekboy.placefinder:id/etSearch}
	at sun.reflect.NativeConstructorAccessorImpl.newInstance0(Native Method)
	at sun.reflect.NativeConstructorAccessorImpl.newInstance(Unknown Source)
	at sun.reflect.DelegatingConstructorAccessorImpl.newInstance(Unknown Source)
	at java.lang.reflect.Constructor.newInstance(Unknown Source)
	at org.openqa.selenium.remote.http.W3CHttpResponseCodec.createException(W3CHttpResponseCodec.java:187)
	at org.openqa.selenium.remote.http.W3CHttpResponseCodec.decode(W3CHttpResponseCodec.java:122)
	at org.openqa.selenium.remote.http.W3CHttpResponseCodec.decode(W3CHttpResponseCodec.java:49)
	at org.openqa.selenium.remote.HttpCommandExecutor.execute(HttpCommandExecutor.java:158)
	at org.openqa.selenium.remote.RemoteWebDriver.execute(RemoteWebDriver.java:548)
	at org.openqa.selenium.remote.RemoteWebDriver.findElement(RemoteWebDriver.java:322)
	at org.openqa.selenium.remote.RemoteWebDriver.findElementById(RemoteWebDriver.java:368)
	at org.openqa.selenium.By$ById.findElement(By.java:188)
	at org.openqa.selenium.remote.RemoteWebDriver.findElement(RemoteWebDriver.java:314)
	at test.AndroidTest.searchTest(AndroidTest.java:12)
	at sun.reflect.NativeMethodAccessorImpl.invoke0(Native Method)
	at sun.reflect.NativeMethodAccessorImpl.invoke(Unknown Source)
	at sun.reflect.DelegatingMethodAccessorImpl.invoke(Unknown Source)
	at java.lang.reflect.Method.invoke(Unknown Source)
	at org.testng.internal.MethodInvocationHelper.invokeMethod(MethodInvocationHelper.java:85)
	at org.testng.internal.Invoker.invokeMethod(Invoker.java:639)
	at org.testng.internal.Invoker.invokeTestMethod(Invoker.java:816)
	at org.testng.internal.Invoker.invokeTestMethods(Invoker.java:1124)
	at org.testng.internal.TestMethodWorker.invokeTestMethods(TestMethodWorker.java:125)
	at org.testng.internal.TestMethodWorker.run(TestMethodWorker.java:108)
	at org.testng.TestRunner.privateRun(TestRunner.java:774)
	at org.testng.TestRunner.run(TestRunner.java:624)
	at org.testng.SuiteRunner.runTest(SuiteRunner.java:359)
	at org.testng.SuiteRunner.access$000(SuiteRunner.java:39)
	at org.testng.SuiteRunner$SuiteWorker.run(SuiteRunner.java:393)
	at org.testng.internal.thread.ThreadUtil$2.call(ThreadUtil.java:64)
	at java.util.concurrent.FutureTask.run(Unknown Source)
	at java.util.concurrent.ThreadPoolExecutor.runWorker(Unknown Source)
	at java.util.concurrent.ThreadPoolExecutor$Worker.run(Unknown Source)
	at java.lang.Thread.run(Unknown Source)
]]>
    </error>
  </testcase> <!-- searchTest -->
</testsuite> <!-- test.AndroidTest -->
