<?xml version="1.0" encoding="UTF-8"?>
<!-- Generated by org.testng.reporters.JUnitReportReporter -->
<testsuite hostname="dk-PC" name="test.WebTest" tests="1" failures="0" timestamp="10 Apr 2020 08:53:17 GMT" time="1.531" errors="0">
  <testcase name="webTest" time="1.531" classname="test.WebTest"/>
</testsuite> <!-- test.WebTest -->
